<?xml version="1.0" encoding="UTF-8"?>
<!-- Generated by org.testng.reporters.JUnitReportReporter -->
<testsuite skipped="0" hostname="Lenovo-PC" name="qaclickacademy.Mavenjava2.RestAPITest" tests="2" failures="0" timestamp="04 Nov 2018 09:46:46 GMT" time="0.021" errors="0">
  <testcase name="postJira" time="0.001" classname="qaclickacademy.Mavenjava2.RestAPITest"/>
  <testcase name="deleteTwitter" time="0.020" classname="qaclickacademy.Mavenjava2.RestAPITest"/>
</testsuite> <!-- qaclickacademy.Mavenjava2.RestAPITest -->
