<?xml version="1.0" encoding="UTF-8"?>
<!-- Generated by org.testng.reporters.JUnitReportReporter -->
<testsuite skipped="0" hostname="Lenovo-PC" name="qaclickacademy.Mavenjava2.SeleniumTest" tests="2" failures="0" timestamp="04 Nov 2018 09:46:46 GMT" time="0.002" errors="0">
  <testcase name="browserAutomation" time="0.002" classname="qaclickacademy.Mavenjava2.SeleniumTest"/>
  <testcase name="elementsUI" time="0.000" classname="qaclickacademy.Mavenjava2.SeleniumTest"/>
</testsuite> <!-- qaclickacademy.Mavenjava2.SeleniumTest -->
